<?xml version="1.0" encoding="UTF-8"?>
<testsuite name="BookRepositoryTest" tests="5" skipped="0" failures="0" errors="0" timestamp="2025-03-21T13:23:35" hostname="DESKTOP-GJ1VFKN" time="0.55">
  <properties/>
  <testcase name="testSaveAllBooks()" classname="BookRepositoryTest" time="0.508"/>
  <testcase name="testAddBook()" classname="BookRepositoryTest" time="0.01"/>
  <testcase name="testGetAllBooks()" classname="BookRepositoryTest" time="0.005"/>
  <testcase name="testUpdateBook()" classname="BookRepositoryTest" time="0.011"/>
  <testcase name="testDeleteBook()" classname="BookRepositoryTest" time="0.011"/>
  <system-out><![CDATA[]]></system-out>
  <system-err><![CDATA[]]></system-err>
</testsuite>
